Using pre-set license
Built from '2020.3/staging' branch; Version is '2020.3.16f1 (049d6eca3c44) revision 302446'; Using compiler version '192528614'; Build Type 'Release'
OS: 'Windows 10 Home Single Language; OS build 22000.160; Version 2009; 64bit' Language: 'en' Physical Memory: 15789 MB
BatchMode: 1, IsHumanControllingUs: 0, StartBugReporterOnCrash: 0, Is64bit: 1, IsPro: 0

 COMMAND LINE ARGUMENTS:
C:\Program Files\Unity\Hub\Editor\2020.3.16f1\Editor\Unity.exe
-adb2
-batchMode
-noUpm
-name
AssetImportWorker0
-projectPath
C:/Users/bishw/Documents/UnityWorks/Introduction to Audio
-logFile
Logs/AssetImportWorker0.log
-srvPort
60812
Successfully changed project path to: C:/Users/bishw/Documents/UnityWorks/Introduction to Audio
C:/Users/bishw/Documents/UnityWorks/Introduction to Audio
Using Asset Import Pipeline V2.
Refreshing native plugins compatible for Editor in 53.85 ms, found 2 plugins.
Preloading 0 native plugins for Editor in 0.00 ms.
Initialize engine version: 2020.3.16f1 (049d6eca3c44)
[Subsystems] Discovering subsystems at path C:/Program Files/Unity/Hub/Editor/2020.3.16f1/Editor/Data/Resources/UnitySubsystems
[Subsystems] Discovering subsystems at path C:/Users/bishw/Documents/UnityWorks/Introduction to Audio/Assets
GfxDevice: creating device client; threaded=0
Direct3D:
    Version:  Direct3D 11.0 [level 11.1]
    Renderer: NVIDIA GeForce GTX 1650 Ti (ID=0x2192)
    Vendor:   
    VRAM:     3962 MB
    Driver:   30.0.14.7168
Shader 'Universal Render Pipeline/Particles/Lit': fallback shader 'Universal Render Pipeline/Particles/SimpleLit' not found
Initialize mono
Mono path[0] = 'C:/Program Files/Unity/Hub/Editor/2020.3.16f1/Editor/Data/Managed'
Mono path[1] = 'C:/Program Files/Unity/Hub/Editor/2020.3.16f1/Editor/Data/MonoBleedingEdge/lib/mono/unityjit'
Mono config path = 'C:/Program Files/Unity/Hub/Editor/2020.3.16f1/Editor/Data/MonoBleedingEdge/etc'
Using monoOptions --debugger-agent=transport=dt_socket,embedding=1,server=y,suspend=n,address=127.0.0.1:56232
Begin MonoManager ReloadAssembly
Registering precompiled unity dll's ...
Register platform support module: C:/Program Files/Unity/Hub/Editor/2020.3.16f1/Editor/Data/PlaybackEngines/WebGLSupport/UnityEditor.WebGL.Extensions.dll
Register platform support module: C:/Program Files/Unity/Hub/Editor/2020.3.16f1/Editor/Data/PlaybackEngines/WindowsStandaloneSupport/UnityEditor.WindowsStandalone.Extensions.dll
Registered in 0.001826 seconds.
Native extension for WindowsStandalone target not found
Native extension for WebGL target not found
Refreshing native plugins compatible for Editor in 56.11 ms, found 2 plugins.
Preloading 0 native plugins for Editor in 0.00 ms.
Mono: successfully reloaded assembly
- Completed reload, in  2.100 seconds
Domain Reload Profiling:
	ReloadAssembly (2100ms)
		BeginReloadAssembly (52ms)
			ExecutionOrderSort (0ms)
			DisableScriptedObjects (0ms)
			BackupInstance (0ms)
			ReleaseScriptingObjects (0ms)
			CreateAndSetChildDomain (1ms)
		EndReloadAssembly (443ms)
			LoadAssemblies (50ms)
			RebuildTransferFunctionScriptingTraits (0ms)
			SetupTypeCache (164ms)
			ReleaseScriptCaches (0ms)
			RebuildScriptCaches (28ms)
			SetupLoadedEditorAssemblies (181ms)
				LogAssemblyErrors (0ms)
				InitializePlatformSupportModulesInManaged (5ms)
				SetLoadedEditorAssemblies (0ms)
				RefreshPlugins (56ms)
				BeforeProcessingInitializeOnLoad (14ms)
				ProcessInitializeOnLoadAttributes (75ms)
				ProcessInitializeOnLoadMethodAttributes (30ms)
				AfterProcessingInitializeOnLoad (0ms)
				EditorAssembliesLoaded (0ms)
			ExecutionOrderSort2 (0ms)
			AwakeInstancesAfterBackupRestoration (0ms)
Platform modules already initialized, skipping
Registering precompiled user dll's ...
Registered in 0.004059 seconds.
Begin MonoManager ReloadAssembly
Native extension for WindowsStandalone target not found
Native extension for WebGL target not found
Refreshing native plugins compatible for Editor in 59.78 ms, found 2 plugins.
Preloading 0 native plugins for Editor in 0.00 ms.
Mono: successfully reloaded assembly
- Completed reload, in  1.264 seconds
Domain Reload Profiling:
	ReloadAssembly (1265ms)
		BeginReloadAssembly (185ms)
			ExecutionOrderSort (0ms)
			DisableScriptedObjects (5ms)
			BackupInstance (0ms)
			ReleaseScriptingObjects (0ms)
			CreateAndSetChildDomain (23ms)
		EndReloadAssembly (1016ms)
			LoadAssemblies (95ms)
			RebuildTransferFunctionScriptingTraits (0ms)
			SetupTypeCache (311ms)
			ReleaseScriptCaches (1ms)
			RebuildScriptCaches (53ms)
			SetupLoadedEditorAssemblies (439ms)
				LogAssemblyErrors (0ms)
				InitializePlatformSupportModulesInManaged (5ms)
				SetLoadedEditorAssemblies (0ms)
				RefreshPlugins (60ms)
				BeforeProcessingInitializeOnLoad (80ms)
				ProcessInitializeOnLoadAttributes (284ms)
				ProcessInitializeOnLoadMethodAttributes (5ms)
				AfterProcessingInitializeOnLoad (5ms)
				EditorAssembliesLoaded (0ms)
			ExecutionOrderSort2 (0ms)
			AwakeInstancesAfterBackupRestoration (7ms)
Platform modules already initialized, skipping
========================================================================
Worker process is ready to serve import requests
Shader 'Universal Render Pipeline/Particles/Lit': fallback shader 'Universal Render Pipeline/Particles/SimpleLit' not found
Launched and connected shader compiler UnityShaderCompiler.exe after 0.06 seconds
Refreshing native plugins compatible for Editor in 0.53 ms, found 2 plugins.
Preloading 0 native plugins for Editor in 0.00 ms.
Unloading 2705 Unused Serialized files (Serialized files now loaded: 0)
System memory in use before: 124.2 MB.
System memory in use after: 124.4 MB.

Unloading 19 unused Assets to reduce memory usage. Loaded Objects now: 3141.
Total: 4.175700 ms (FindLiveObjects: 0.404600 ms CreateObjectMapping: 0.163100 ms MarkObjects: 3.476900 ms  DeleteObjects: 0.127800 ms)

AssetImportParameters requested are different than current active one (requested -> active):
  custom:framework-win-MediaFoundation: 216162199b28c13a410421893ffa2e32 -> 
  custom:video-decoder-ogg-theora: a1e56fd34408186e4bbccfd4996cb3dc -> 
  custom:container-muxer-webm: aa71ff27fc2769a1b78a27578f13a17b -> 
  custom:container-demuxer-webm: 4f35f7cbe854078d1ac9338744f61a02 -> 
  custom:container-demuxer-ogg: 62fdf1f143b41e24485cea50d1cbac27 -> 
  custom:video-encoder-webm-vp8: eb34c28f22e8b96e1ab97ce403110664 -> 
  custom:video-codec-MediaFoundation-h265: 746d11721c4dcdbdad8f713fa42b33f4 -> 
  custom:video-decoder-webm-vp8: 9c59270c3fd7afecdb556c50c9e8de78 -> 
  custom:audio-decoder-ogg-vorbis: bf7c407c2cedff20999df2af8eb42d56 -> 
  custom:audio-encoder-webm-vorbis: bf7c407c2cedff20999df2af8eb42d56 -> 
========================================================================
Received Import Request.
  path: Assets/Unity - Foundations of Audio/Materials/Bubbles.mat
  artifactKey: Guid(f5ec6bc9bd1c41149868cc7f19ee97fc) Importer(815301076,1909f56bfc062723c751e8b465ee728b)
Start importing Assets/Unity - Foundations of Audio/Materials/Bubbles.mat using Guid(f5ec6bc9bd1c41149868cc7f19ee97fc) Importer(815301076,1909f56bfc062723c751e8b465ee728b)  -> (artifact id: 'a92e9c17ddd16e41239d18fe389d006d') in 0.220851 seconds 
  Import took 0.225291 seconds .

========================================================================
Received Import Request.
  Time since last request: 1368.656463 seconds.
  path: Assets/Nature Sound FX/Beach
  artifactKey: Guid(78a9b4275202d6f4290d587aec1106ef) Importer(815301076,1909f56bfc062723c751e8b465ee728b)
Start importing Assets/Nature Sound FX/Beach using Guid(78a9b4275202d6f4290d587aec1106ef) Importer(815301076,1909f56bfc062723c751e8b465ee728b)  -> (artifact id: 'aa1c940bc690057f8a3ea3517a42e34e') in 0.008031 seconds 
  Import took 0.012234 seconds .

========================================================================
Received Import Request.
  Time since last request: 0.036313 seconds.
  path: Assets/Nature Sound FX/Beach/Beach (1).wav
  artifactKey: Guid(47a4ec0ea5f743d41bb9a42872222679) Importer(815301076,1909f56bfc062723c751e8b465ee728b)
Start importing Assets/Nature Sound FX/Beach/Beach (1).wav using Guid(47a4ec0ea5f743d41bb9a42872222679) Importer(815301076,1909f56bfc062723c751e8b465ee728b)  -> (artifact id: '617def53c601ac34b69d708874eef7a3') in 0.056081 seconds 
  Import took 0.060345 seconds .

========================================================================
Received Import Request.
  Time since last request: 0.000329 seconds.
  path: Assets/Nature Sound FX/Beach/Beach (7) Loop.wav
  artifactKey: Guid(88bd76943a363c94d9e6ef61033bae97) Importer(815301076,1909f56bfc062723c751e8b465ee728b)
Start importing Assets/Nature Sound FX/Beach/Beach (7) Loop.wav using Guid(88bd76943a363c94d9e6ef61033bae97) Importer(815301076,1909f56bfc062723c751e8b465ee728b)  -> (artifact id: '586a03dce5fa27bb4d231a88979d65b0') in 0.013564 seconds 
  Import took 0.017617 seconds .

========================================================================
Received Import Request.
  Time since last request: 0.000309 seconds.
  path: Assets/Nature Sound FX/Beach/Beach (2).wav
  artifactKey: Guid(dc3cc0fedb6d586418fa1790b317b8c0) Importer(815301076,1909f56bfc062723c751e8b465ee728b)
Start importing Assets/Nature Sound FX/Beach/Beach (2).wav using Guid(dc3cc0fedb6d586418fa1790b317b8c0) Importer(815301076,1909f56bfc062723c751e8b465ee728b)  -> (artifact id: '65c25f13c8b5cd547bd9a2470076269f') in 0.014805 seconds 
  Import took 0.018509 seconds .

========================================================================
Received Import Request.
  Time since last request: 0.000289 seconds.
  path: Assets/Nature Sound FX/Beach/Beach (4).wav
  artifactKey: Guid(940f0244c5ae7a0498fbe59b474dc2f2) Importer(815301076,1909f56bfc062723c751e8b465ee728b)
Start importing Assets/Nature Sound FX/Beach/Beach (4).wav using Guid(940f0244c5ae7a0498fbe59b474dc2f2) Importer(815301076,1909f56bfc062723c751e8b465ee728b)  -> (artifact id: '8130b21586e41e192f51f3a5cd105b57') in 0.016576 seconds 
  Import took 0.020686 seconds .

========================================================================
Received Import Request.
  Time since last request: 0.000330 seconds.
  path: Assets/Nature Sound FX/Beach/Beach (6).wav
  artifactKey: Guid(839cff8dfc1f2ad42b2d79b86172c48e) Importer(815301076,1909f56bfc062723c751e8b465ee728b)
Start importing Assets/Nature Sound FX/Beach/Beach (6).wav using Guid(839cff8dfc1f2ad42b2d79b86172c48e) Importer(815301076,1909f56bfc062723c751e8b465ee728b)  -> (artifact id: '16b62db58f9d5bb268ee99613ae752b3') in 0.019377 seconds 
  Import took 0.023511 seconds .

========================================================================
Received Import Request.
  Time since last request: 0.000237 seconds.
  path: Assets/Nature Sound FX/Beach/Beach (5).wav
  artifactKey: Guid(230484ec2d577a845bd208c81aab7c58) Importer(815301076,1909f56bfc062723c751e8b465ee728b)
Start importing Assets/Nature Sound FX/Beach/Beach (5).wav using Guid(230484ec2d577a845bd208c81aab7c58) Importer(815301076,1909f56bfc062723c751e8b465ee728b)  -> (artifact id: '3846f542bae9b80793f47cb4e964a385') in 0.016235 seconds 
  Import took 0.020644 seconds .

========================================================================
Received Import Request.
  Time since last request: 0.000313 seconds.
  path: Assets/Nature Sound FX/Beach/Beach (3).wav
  artifactKey: Guid(2bb03b1f80f50e04388710ae901ae607) Importer(815301076,1909f56bfc062723c751e8b465ee728b)
Start importing Assets/Nature Sound FX/Beach/Beach (3).wav using Guid(2bb03b1f80f50e04388710ae901ae607) Importer(815301076,1909f56bfc062723c751e8b465ee728b)  -> (artifact id: '552a96aaed268fc32e26959cc1763189') in 0.018763 seconds 
  Import took 0.022864 seconds .

========================================================================
Received Import Request.
  Time since last request: 0.000234 seconds.
  path: Assets/Nature Sound FX/Beach/Beach (8) Loop.wav
  artifactKey: Guid(4d0857ae9c9b26947bda7acaa6d3b790) Importer(815301076,1909f56bfc062723c751e8b465ee728b)
Start importing Assets/Nature Sound FX/Beach/Beach (8) Loop.wav using Guid(4d0857ae9c9b26947bda7acaa6d3b790) Importer(815301076,1909f56bfc062723c751e8b465ee728b)  -> (artifact id: '02f8ac3583bf800171bd310939ecb921') in 0.014269 seconds 
  Import took 0.018228 seconds .

========================================================================
Received Import Request.
  Time since last request: 0.000259 seconds.
  path: Assets/Nature Sound FX/Beach/Beach (9) Loop.wav
  artifactKey: Guid(7b005ace122a5a04ab13c39fe56a26cc) Importer(815301076,1909f56bfc062723c751e8b465ee728b)
Start importing Assets/Nature Sound FX/Beach/Beach (9) Loop.wav using Guid(7b005ace122a5a04ab13c39fe56a26cc) Importer(815301076,1909f56bfc062723c751e8b465ee728b)  -> (artifact id: '8a16270f9e43503e9b41a3d88c7cb28f') in 0.013651 seconds 
  Import took 0.017605 seconds .

========================================================================
Received Import Request.
  Time since last request: 20.022587 seconds.
  path: Assets/Nature Sound FX/Avalanche/Avalanche (1).wav
  artifactKey: Guid(dfdca82a1b3380546ac42a184d5f4246) Importer(815301076,1909f56bfc062723c751e8b465ee728b)
Start importing Assets/Nature Sound FX/Avalanche/Avalanche (1).wav using Guid(dfdca82a1b3380546ac42a184d5f4246) Importer(815301076,1909f56bfc062723c751e8b465ee728b)  -> (artifact id: '28931500666659580f45b13ac651745d') in 0.015699 seconds 
  Import took 0.020084 seconds .

========================================================================
Received Import Request.
  Time since last request: 0.000574 seconds.
  path: Assets/Nature Sound FX/Avalanche/Avalanche (4).wav
  artifactKey: Guid(0d934fddc04d1bf4685dd16726e1e86a) Importer(815301076,1909f56bfc062723c751e8b465ee728b)
Start importing Assets/Nature Sound FX/Avalanche/Avalanche (4).wav using Guid(0d934fddc04d1bf4685dd16726e1e86a) Importer(815301076,1909f56bfc062723c751e8b465ee728b)  -> (artifact id: 'aee6601d3258380c7f92c018d9f52184') in 0.014251 seconds 
  Import took 0.018311 seconds .

========================================================================
Received Import Request.
  Time since last request: 0.000224 seconds.
  path: Assets/Nature Sound FX/Avalanche/Avalanche (2).wav
  artifactKey: Guid(b6136e63a38004a4688703f11b0c1944) Importer(815301076,1909f56bfc062723c751e8b465ee728b)
Start importing Assets/Nature Sound FX/Avalanche/Avalanche (2).wav using Guid(b6136e63a38004a4688703f11b0c1944) Importer(815301076,1909f56bfc062723c751e8b465ee728b)  -> (artifact id: '3a3c7b01d1bbe619a3340ad513009e9a') in 0.014847 seconds 
  Import took 0.019232 seconds .

========================================================================
Received Import Request.
  Time since last request: 0.000363 seconds.
  path: Assets/Nature Sound FX/Avalanche/Avalanche (6).wav
  artifactKey: Guid(22067502107954e44bc9461f6ec90312) Importer(815301076,1909f56bfc062723c751e8b465ee728b)
Start importing Assets/Nature Sound FX/Avalanche/Avalanche (6).wav using Guid(22067502107954e44bc9461f6ec90312) Importer(815301076,1909f56bfc062723c751e8b465ee728b)  -> (artifact id: 'cac8a967806001b7b9cb178cf14f3fbc') in 0.015134 seconds 
  Import took 0.019522 seconds .

========================================================================
Received Import Request.
  Time since last request: 0.000286 seconds.
  path: Assets/Nature Sound FX/Avalanche/Avalanche (3).wav
  artifactKey: Guid(5f02922ba0276be4180dc1166b389c09) Importer(815301076,1909f56bfc062723c751e8b465ee728b)
Start importing Assets/Nature Sound FX/Avalanche/Avalanche (3).wav using Guid(5f02922ba0276be4180dc1166b389c09) Importer(815301076,1909f56bfc062723c751e8b465ee728b)  -> (artifact id: '769a252ba1473ea3833e5413ec69047d') in 0.014781 seconds 
  Import took 0.018787 seconds .

========================================================================
Received Import Request.
  Time since last request: 0.000258 seconds.
  path: Assets/Nature Sound FX/Avalanche/Avalanche (1).wav
  artifactKey: Guid(dfdca82a1b3380546ac42a184d5f4246) Importer(815301076,1909f56bfc062723c751e8b465ee728b)
Start importing Assets/Nature Sound FX/Avalanche/Avalanche (1).wav using Guid(dfdca82a1b3380546ac42a184d5f4246) Importer(815301076,1909f56bfc062723c751e8b465ee728b)  -> (artifact id: '28931500666659580f45b13ac651745d') in 0.013964 seconds 
  Import took 0.017906 seconds .

========================================================================
Received Import Request.
  Time since last request: 0.000287 seconds.
  path: Assets/Nature Sound FX/Avalanche/Avalanche (5).wav
  artifactKey: Guid(db79f89a2cebd614fa8eee086bce500f) Importer(815301076,1909f56bfc062723c751e8b465ee728b)
Start importing Assets/Nature Sound FX/Avalanche/Avalanche (5).wav using Guid(db79f89a2cebd614fa8eee086bce500f) Importer(815301076,1909f56bfc062723c751e8b465ee728b)  -> (artifact id: '605a847306bfb30207399d1ed0640260') in 0.014204 seconds 
  Import took 0.018352 seconds .

========================================================================
Received Prepare
Registering precompiled user dll's ...
Registered in 0.003064 seconds.
Begin MonoManager ReloadAssembly
Native extension for WindowsStandalone target not found
Native extension for WebGL target not found
Refreshing native plugins compatible for Editor in 0.56 ms, found 2 plugins.
Preloading 0 native plugins for Editor in 0.00 ms.
Mono: successfully reloaded assembly
- Completed reload, in  1.009 seconds
Domain Reload Profiling:
	ReloadAssembly (1010ms)
		BeginReloadAssembly (114ms)
			ExecutionOrderSort (0ms)
			DisableScriptedObjects (6ms)
			BackupInstance (0ms)
			ReleaseScriptingObjects (0ms)
			CreateAndSetChildDomain (35ms)
		EndReloadAssembly (837ms)
			LoadAssemblies (70ms)
			RebuildTransferFunctionScriptingTraits (0ms)
			SetupTypeCache (269ms)
			ReleaseScriptCaches (1ms)
			RebuildScriptCaches (41ms)
			SetupLoadedEditorAssemblies (322ms)
				LogAssemblyErrors (0ms)
				InitializePlatformSupportModulesInManaged (5ms)
				SetLoadedEditorAssemblies (0ms)
				RefreshPlugins (1ms)
				BeforeProcessingInitializeOnLoad (84ms)
				ProcessInitializeOnLoadAttributes (224ms)
				ProcessInitializeOnLoadMethodAttributes (3ms)
				AfterProcessingInitializeOnLoad (4ms)
				EditorAssembliesLoaded (0ms)
			ExecutionOrderSort2 (0ms)
			AwakeInstancesAfterBackupRestoration (14ms)
Platform modules already initialized, skipping
Shader 'Universal Render Pipeline/Particles/Lit': fallback shader 'Universal Render Pipeline/Particles/SimpleLit' not found
Refreshing native plugins compatible for Editor in 0.56 ms, found 2 plugins.
Preloading 0 native plugins for Editor in 0.00 ms.
Unloading 2595 Unused Serialized files (Serialized files now loaded: 0)
System memory in use before: 122.4 MB.
System memory in use after: 122.6 MB.

Unloading 14 unused Assets to reduce memory usage. Loaded Objects now: 3223.
Total: 3.913700 ms (FindLiveObjects: 0.385700 ms CreateObjectMapping: 0.147800 ms MarkObjects: 3.353200 ms  DeleteObjects: 0.024700 ms)

AssetImportParameters requested are different than current active one (requested -> active):
  custom:framework-win-MediaFoundation: 216162199b28c13a410421893ffa2e32 -> 
  custom:video-decoder-ogg-theora: a1e56fd34408186e4bbccfd4996cb3dc -> 
  custom:container-muxer-webm: aa71ff27fc2769a1b78a27578f13a17b -> 
  custom:container-demuxer-webm: 4f35f7cbe854078d1ac9338744f61a02 -> 
  custom:container-demuxer-ogg: 62fdf1f143b41e24485cea50d1cbac27 -> 
  custom:video-encoder-webm-vp8: eb34c28f22e8b96e1ab97ce403110664 -> 
  custom:video-codec-MediaFoundation-h265: 746d11721c4dcdbdad8f713fa42b33f4 -> 
  custom:video-decoder-webm-vp8: 9c59270c3fd7afecdb556c50c9e8de78 -> 
  custom:audio-decoder-ogg-vorbis: bf7c407c2cedff20999df2af8eb42d56 -> 
  custom:audio-encoder-webm-vorbis: bf7c407c2cedff20999df2af8eb42d56 -> 
AssetImportWorkerClient::OnTransportError - code=2 error=End of file
