Using pre-set license
Built from '2020.3/staging' branch; Version is '2020.3.16f1 (049d6eca3c44) revision 302446'; Using compiler version '192528614'; Build Type 'Release'
OS: 'Windows 10 Home Single Language; OS build 22000.132; Version 2009; 64bit' Language: 'en' Physical Memory: 15789 MB
BatchMode: 1, IsHumanControllingUs: 0, StartBugReporterOnCrash: 0, Is64bit: 1, IsPro: 0

 COMMAND LINE ARGUMENTS:
C:\Program Files\Unity\Hub\Editor\2020.3.16f1\Editor\Unity.exe
-adb2
-batchMode
-noUpm
-name
AssetImportWorker0
-projectPath
C:/Users/bishw/Documents/UnityWorks/The Floor is Lava
-logFile
Logs/AssetImportWorker0.log
-srvPort
54937
Successfully changed project path to: C:/Users/bishw/Documents/UnityWorks/The Floor is Lava
C:/Users/bishw/Documents/UnityWorks/The Floor is Lava
Using Asset Import Pipeline V2.
Refreshing native plugins compatible for Editor in 27.43 ms, found 2 plugins.
Preloading 0 native plugins for Editor in 0.00 ms.
Initialize engine version: 2020.3.16f1 (049d6eca3c44)
[Subsystems] Discovering subsystems at path C:/Program Files/Unity/Hub/Editor/2020.3.16f1/Editor/Data/Resources/UnitySubsystems
[Subsystems] Discovering subsystems at path C:/Users/bishw/Documents/UnityWorks/The Floor is Lava/Assets
GfxDevice: creating device client; threaded=0
Direct3D:
    Version:  Direct3D 11.0 [level 11.1]
    Renderer: NVIDIA GeForce GTX 1650 Ti (ID=0x2192)
    Vendor:   
    VRAM:     3962 MB
    Driver:   30.0.14.7168
Initialize mono
Mono path[0] = 'C:/Program Files/Unity/Hub/Editor/2020.3.16f1/Editor/Data/Managed'
Mono path[1] = 'C:/Program Files/Unity/Hub/Editor/2020.3.16f1/Editor/Data/MonoBleedingEdge/lib/mono/unityjit'
Mono config path = 'C:/Program Files/Unity/Hub/Editor/2020.3.16f1/Editor/Data/MonoBleedingEdge/etc'
Using monoOptions --debugger-agent=transport=dt_socket,embedding=1,server=y,suspend=n,address=127.0.0.1:56572
Begin MonoManager ReloadAssembly
Registering precompiled unity dll's ...
Register platform support module: C:/Program Files/Unity/Hub/Editor/2020.3.16f1/Editor/Data/PlaybackEngines/WebGLSupport/UnityEditor.WebGL.Extensions.dll
Register platform support module: C:/Program Files/Unity/Hub/Editor/2020.3.16f1/Editor/Data/PlaybackEngines/WindowsStandaloneSupport/UnityEditor.WindowsStandalone.Extensions.dll
Registered in 0.002074 seconds.
Native extension for WindowsStandalone target not found
Native extension for WebGL target not found
Refreshing native plugins compatible for Editor in 28.23 ms, found 2 plugins.
Preloading 0 native plugins for Editor in 0.00 ms.
Mono: successfully reloaded assembly
- Completed reload, in  1.087 seconds
Domain Reload Profiling:
	ReloadAssembly (1087ms)
		BeginReloadAssembly (50ms)
			ExecutionOrderSort (0ms)
			DisableScriptedObjects (0ms)
			BackupInstance (0ms)
			ReleaseScriptingObjects (0ms)
			CreateAndSetChildDomain (1ms)
		EndReloadAssembly (411ms)
			LoadAssemblies (48ms)
			RebuildTransferFunctionScriptingTraits (0ms)
			SetupTypeCache (160ms)
			ReleaseScriptCaches (0ms)
			RebuildScriptCaches (33ms)
			SetupLoadedEditorAssemblies (148ms)
				LogAssemblyErrors (0ms)
				InitializePlatformSupportModulesInManaged (5ms)
				SetLoadedEditorAssemblies (0ms)
				RefreshPlugins (28ms)
				BeforeProcessingInitializeOnLoad (9ms)
				ProcessInitializeOnLoadAttributes (75ms)
				ProcessInitializeOnLoadMethodAttributes (30ms)
				AfterProcessingInitializeOnLoad (0ms)
				EditorAssembliesLoaded (0ms)
			ExecutionOrderSort2 (0ms)
			AwakeInstancesAfterBackupRestoration (0ms)
Platform modules already initialized, skipping
Registering precompiled user dll's ...
Registered in 0.003429 seconds.
Begin MonoManager ReloadAssembly
Native extension for WindowsStandalone target not found
Native extension for WebGL target not found
Refreshing native plugins compatible for Editor in 0.39 ms, found 2 plugins.
Preloading 0 native plugins for Editor in 0.00 ms.
Mono: successfully reloaded assembly
- Completed reload, in  1.032 seconds
Domain Reload Profiling:
	ReloadAssembly (1033ms)
		BeginReloadAssembly (134ms)
			ExecutionOrderSort (0ms)
			DisableScriptedObjects (4ms)
			BackupInstance (0ms)
			ReleaseScriptingObjects (0ms)
			CreateAndSetChildDomain (17ms)
		EndReloadAssembly (838ms)
			LoadAssemblies (74ms)
			RebuildTransferFunctionScriptingTraits (0ms)
			SetupTypeCache (279ms)
			ReleaseScriptCaches (0ms)
			RebuildScriptCaches (39ms)
			SetupLoadedEditorAssemblies (353ms)
				LogAssemblyErrors (0ms)
				InitializePlatformSupportModulesInManaged (6ms)
				SetLoadedEditorAssemblies (0ms)
				RefreshPlugins (0ms)
				BeforeProcessingInitializeOnLoad (55ms)
				ProcessInitializeOnLoadAttributes (283ms)
				ProcessInitializeOnLoadMethodAttributes (4ms)
				AfterProcessingInitializeOnLoad (5ms)
				EditorAssembliesLoaded (0ms)
			ExecutionOrderSort2 (0ms)
			AwakeInstancesAfterBackupRestoration (6ms)
Platform modules already initialized, skipping
========================================================================
Worker process is ready to serve import requests
Launched and connected shader compiler UnityShaderCompiler.exe after 0.06 seconds
Refreshing native plugins compatible for Editor in 0.33 ms, found 2 plugins.
Preloading 0 native plugins for Editor in 0.00 ms.
Unloading 1397 Unused Serialized files (Serialized files now loaded: 0)
System memory in use before: 64.9 MB.
System memory in use after: 64.9 MB.

Unloading 18 unused Assets to reduce memory usage. Loaded Objects now: 1830.
Total: 3.271000 ms (FindLiveObjects: 0.221200 ms CreateObjectMapping: 0.066300 ms MarkObjects: 2.902300 ms  DeleteObjects: 0.079300 ms)

AssetImportParameters requested are different than current active one (requested -> active):
  custom:framework-win-MediaFoundation: 216162199b28c13a410421893ffa2e32 -> 
  custom:video-decoder-ogg-theora: a1e56fd34408186e4bbccfd4996cb3dc -> 
  custom:container-muxer-webm: aa71ff27fc2769a1b78a27578f13a17b -> 
  custom:container-demuxer-webm: 4f35f7cbe854078d1ac9338744f61a02 -> 
  custom:container-demuxer-ogg: 62fdf1f143b41e24485cea50d1cbac27 -> 
  custom:video-encoder-webm-vp8: eb34c28f22e8b96e1ab97ce403110664 -> 
  custom:video-codec-MediaFoundation-h265: 746d11721c4dcdbdad8f713fa42b33f4 -> 
  custom:video-decoder-webm-vp8: 9c59270c3fd7afecdb556c50c9e8de78 -> 
  custom:audio-decoder-ogg-vorbis: bf7c407c2cedff20999df2af8eb42d56 -> 
  custom:audio-encoder-webm-vorbis: bf7c407c2cedff20999df2af8eb42d56 -> 
========================================================================
Received Import Request.
  path: Assets/Ground textures pack/Lava
  artifactKey: Guid(e3d6e940c39e6d8428bacf6808b23a4d) Importer(815301076,1909f56bfc062723c751e8b465ee728b)
Start importing Assets/Ground textures pack/Lava using Guid(e3d6e940c39e6d8428bacf6808b23a4d) Importer(815301076,1909f56bfc062723c751e8b465ee728b)  -> (artifact id: 'afe033732315ef7b0206e5748b19a3eb') in 0.010784 seconds 
  Import took 0.013540 seconds .

========================================================================
Received Import Request.
  Time since last request: 0.000336 seconds.
  path: Assets/Ground textures pack/Lava/preview.jpg
  artifactKey: Guid(70e8908fa6e673249ad9ff9cb1f1e13b) Importer(815301076,1909f56bfc062723c751e8b465ee728b)
Start importing Assets/Ground textures pack/Lava/preview.jpg using Guid(70e8908fa6e673249ad9ff9cb1f1e13b) Importer(815301076,1909f56bfc062723c751e8b465ee728b)  -> (artifact id: 'cf2ce949d63a59f8d213a17e724ff24b') in 0.060177 seconds 
  Import took 0.062328 seconds .

========================================================================
Received Import Request.
  Time since last request: 0.000342 seconds.
  path: Assets/Ground textures pack/Lava/normal.tga
  artifactKey: Guid(d9327a0e08e4ab54284a5f31a7e7db5a) Importer(815301076,1909f56bfc062723c751e8b465ee728b)
Start importing Assets/Ground textures pack/Lava/normal.tga using Guid(d9327a0e08e4ab54284a5f31a7e7db5a) Importer(815301076,1909f56bfc062723c751e8b465ee728b)  -> (artifact id: 'a446e0d5a04c149667d1a3aa220a9346') in 0.050959 seconds 
  Import took 0.053516 seconds .

========================================================================
Received Import Request.
  Time since last request: 0.000331 seconds.
  path: Assets/Ground textures pack
  artifactKey: Guid(ca7d672f04097524698bf7efd17dc74f) Importer(815301076,1909f56bfc062723c751e8b465ee728b)
Start importing Assets/Ground textures pack using Guid(ca7d672f04097524698bf7efd17dc74f) Importer(815301076,1909f56bfc062723c751e8b465ee728b)  -> (artifact id: 'a4c66060ce4d69c26dfb022ad261710c') in 0.008375 seconds 
  Import took 0.010629 seconds .

========================================================================
Received Import Request.
  Time since last request: 0.000386 seconds.
  path: Assets/Ground textures pack/Lava/emissive.tga
  artifactKey: Guid(c65e186198f501046a0aba89c6335cac) Importer(815301076,1909f56bfc062723c751e8b465ee728b)
Start importing Assets/Ground textures pack/Lava/emissive.tga using Guid(c65e186198f501046a0aba89c6335cac) Importer(815301076,1909f56bfc062723c751e8b465ee728b)  -> (artifact id: '29f64dba741a1747a3ebf8d7263e8feb') in 0.021964 seconds 
  Import took 0.025405 seconds .

========================================================================
Received Import Request.
  Time since last request: 0.000317 seconds.
  path: Assets/Ground textures pack/Lava/Lava pattern.mat
  artifactKey: Guid(42e26e838cb21e944aa7de2aae4edefc) Importer(815301076,1909f56bfc062723c751e8b465ee728b)
Start importing Assets/Ground textures pack/Lava/Lava pattern.mat using Guid(42e26e838cb21e944aa7de2aae4edefc) Importer(815301076,1909f56bfc062723c751e8b465ee728b)  -> (artifact id: '89543e9ecebeb91934069ba26c2ba067') in 0.244690 seconds 
  Import took 0.247449 seconds .

========================================================================
Received Import Request.
  Time since last request: 0.000318 seconds.
  path: Assets/Ground textures pack/Lava/diffuse.tga
  artifactKey: Guid(cc2d009b31ce2134a9438a34a78632a0) Importer(815301076,1909f56bfc062723c751e8b465ee728b)
Start importing Assets/Ground textures pack/Lava/diffuse.tga using Guid(cc2d009b31ce2134a9438a34a78632a0) Importer(815301076,1909f56bfc062723c751e8b465ee728b)  -> (artifact id: '99ec9fed1d9a3eee46bb854bf0f5cefe') in 0.014455 seconds 
  Import took 0.016730 seconds .

========================================================================
Received Import Request.
  Time since last request: 110.816041 seconds.
  path: Assets/Ground textures pack/Grass & dead leafs 01/diffuse.tga
  artifactKey: Guid(46c9b2c471a59f24cbe88eae93a32f60) Importer(815301076,1909f56bfc062723c751e8b465ee728b)
Start importing Assets/Ground textures pack/Grass & dead leafs 01/diffuse.tga using Guid(46c9b2c471a59f24cbe88eae93a32f60) Importer(815301076,1909f56bfc062723c751e8b465ee728b)  -> (artifact id: '07af939ad62f7d5182787d8ce1ca0c53') in 0.013689 seconds 
  Import took 0.016884 seconds .

========================================================================
Received Import Request.
  Time since last request: 0.000319 seconds.
  path: Assets/Ground textures pack/Grass & dead leafs 01/normal.tga
  artifactKey: Guid(ae0e7acc3616ba441a70994eb662f6e3) Importer(815301076,1909f56bfc062723c751e8b465ee728b)
Start importing Assets/Ground textures pack/Grass & dead leafs 01/normal.tga using Guid(ae0e7acc3616ba441a70994eb662f6e3) Importer(815301076,1909f56bfc062723c751e8b465ee728b)  -> (artifact id: '362148fc4f06fab29027f0137663832c') in 0.013000 seconds 
  Import took 0.015205 seconds .

========================================================================
Received Import Request.
  Time since last request: 0.000359 seconds.
  path: Assets/Ground textures pack/Grass & dead leafs 01/Grass & dead leafs pattern 01.mat
  artifactKey: Guid(893960384de673345a82517892b28bc7) Importer(815301076,1909f56bfc062723c751e8b465ee728b)
Start importing Assets/Ground textures pack/Grass & dead leafs 01/Grass & dead leafs pattern 01.mat using Guid(893960384de673345a82517892b28bc7) Importer(815301076,1909f56bfc062723c751e8b465ee728b)  -> (artifact id: '4b8849282d3c22f8da8f1fe0678cc2a4') in 0.138362 seconds 
  Import took 0.140977 seconds .

========================================================================
Received Import Request.
  Time since last request: 0.000301 seconds.
  path: Assets/Ground textures pack/Grass & dead leafs 01/preview.jpg
  artifactKey: Guid(9f425c22a471a47459e192cb7dafd4c5) Importer(815301076,1909f56bfc062723c751e8b465ee728b)
Start importing Assets/Ground textures pack/Grass & dead leafs 01/preview.jpg using Guid(9f425c22a471a47459e192cb7dafd4c5) Importer(815301076,1909f56bfc062723c751e8b465ee728b)  -> (artifact id: '522f2b3f927dbbefddf2d6484603af26') in 0.011734 seconds 
  Import took 0.014111 seconds .

========================================================================
Received Import Request.
  Time since last request: 2.225847 seconds.
  path: Assets/Ground textures pack/Grass & dead leafs 02/diffuse.tga
  artifactKey: Guid(f77d739839b967e44898c8a89688369a) Importer(815301076,1909f56bfc062723c751e8b465ee728b)
Start importing Assets/Ground textures pack/Grass & dead leafs 02/diffuse.tga using Guid(f77d739839b967e44898c8a89688369a) Importer(815301076,1909f56bfc062723c751e8b465ee728b)  -> (artifact id: 'e834ab0a141a4990a96a264e22cc1c47') in 0.016900 seconds 
  Import took 0.019890 seconds .

========================================================================
Received Import Request.
  Time since last request: 0.000292 seconds.
  path: Assets/Ground textures pack/Grass & dead leafs 02/normal.tga
  artifactKey: Guid(0c64d261e58031345b9844438ceb0af9) Importer(815301076,1909f56bfc062723c751e8b465ee728b)
Start importing Assets/Ground textures pack/Grass & dead leafs 02/normal.tga using Guid(0c64d261e58031345b9844438ceb0af9) Importer(815301076,1909f56bfc062723c751e8b465ee728b)  -> (artifact id: '8d37bb0d9bd4dac806563c0a69e570af') in 0.016259 seconds 
  Import took 0.018667 seconds .

========================================================================
Received Import Request.
  Time since last request: 0.000327 seconds.
  path: Assets/Ground textures pack/Grass & dead leafs 02/preview.jpg
  artifactKey: Guid(a9151bfe4152f2748846a0fa52b216be) Importer(815301076,1909f56bfc062723c751e8b465ee728b)
Start importing Assets/Ground textures pack/Grass & dead leafs 02/preview.jpg using Guid(a9151bfe4152f2748846a0fa52b216be) Importer(815301076,1909f56bfc062723c751e8b465ee728b)  -> (artifact id: '0d8019d0a45c98140153ac0a35d7a816') in 0.015717 seconds 
  Import took 0.018457 seconds .

========================================================================
Received Import Request.
  Time since last request: 0.000213 seconds.
  path: Assets/Ground textures pack/Grass & dead leafs 02/Grass & dead leafs pattern 02.mat
  artifactKey: Guid(020b997e4fa23c74297e208cd649319c) Importer(815301076,1909f56bfc062723c751e8b465ee728b)
Start importing Assets/Ground textures pack/Grass & dead leafs 02/Grass & dead leafs pattern 02.mat using Guid(020b997e4fa23c74297e208cd649319c) Importer(815301076,1909f56bfc062723c751e8b465ee728b)  -> (artifact id: '97931d942ae73df67d5d8b2d5268ee84') in 0.127910 seconds 
  Import took 0.130217 seconds .

========================================================================
Received Import Request.
  Time since last request: 854.741709 seconds.
  path: Assets/Ground textures pack/Grass & dead leafs 01
  artifactKey: Guid(5dd435602dca8da4382412f9c40c57db) Importer(815301076,1909f56bfc062723c751e8b465ee728b)
Start importing Assets/Ground textures pack/Grass & dead leafs 01 using Guid(5dd435602dca8da4382412f9c40c57db) Importer(815301076,1909f56bfc062723c751e8b465ee728b)  -> (artifact id: '8025b168ce1a050e416df54d2c685730') in 0.009837 seconds 
  Import took 0.012413 seconds .

========================================================================
Received Import Request.
  Time since last request: 16.072288 seconds.
  path: Assets/Ground textures pack/Grass & dead leafs 01/Materials
  artifactKey: Guid(37192b9bc306631479c138b3587076b5) Importer(815301076,1909f56bfc062723c751e8b465ee728b)
Start importing Assets/Ground textures pack/Grass & dead leafs 01/Materials using Guid(37192b9bc306631479c138b3587076b5) Importer(815301076,1909f56bfc062723c751e8b465ee728b)  -> (artifact id: 'dbf4210bfa146e963314fe938a8e8b02') in 0.008341 seconds 
  Import took 0.010530 seconds .

========================================================================
Received Import Request.
  Time since last request: 0.167367 seconds.
  path: Assets/Ground textures pack/Grass & dead leafs 01/Materials/diffuse.mat
  artifactKey: Guid(5988a7b17c8a8e74eaa951898edd64c4) Importer(815301076,1909f56bfc062723c751e8b465ee728b)
Start importing Assets/Ground textures pack/Grass & dead leafs 01/Materials/diffuse.mat using Guid(5988a7b17c8a8e74eaa951898edd64c4) Importer(815301076,1909f56bfc062723c751e8b465ee728b)  -> (artifact id: '45d989c81edd7bb5b58d614189740575') in 0.018060 seconds 
  Import took 0.020714 seconds .

========================================================================
Received Import Request.
  Time since last request: 2.945565 seconds.
  path: Assets/Ground textures pack/Grass & rocks/diffuse.tga
  artifactKey: Guid(12ff3c37d59e28240a8f4643c3ead3d3) Importer(815301076,1909f56bfc062723c751e8b465ee728b)
Start importing Assets/Ground textures pack/Grass & rocks/diffuse.tga using Guid(12ff3c37d59e28240a8f4643c3ead3d3) Importer(815301076,1909f56bfc062723c751e8b465ee728b)  -> (artifact id: '2b429ae9c12b3b1a6ada43f6e37f55e3') in 0.018700 seconds 
  Import took 0.021212 seconds .

========================================================================
Received Import Request.
  Time since last request: 0.000292 seconds.
  path: Assets/Ground textures pack/Grass & rocks/normal.tga
  artifactKey: Guid(e5895469fa6440e4a876bf0672599e59) Importer(815301076,1909f56bfc062723c751e8b465ee728b)
Start importing Assets/Ground textures pack/Grass & rocks/normal.tga using Guid(e5895469fa6440e4a876bf0672599e59) Importer(815301076,1909f56bfc062723c751e8b465ee728b)  -> (artifact id: 'b282f3071dfd9404c9f5fa53df74bd37') in 0.017219 seconds 
  Import took 0.019638 seconds .

========================================================================
Received Import Request.
  Time since last request: 0.000260 seconds.
  path: Assets/Ground textures pack/Grass & rocks/Grass & rocks pattern.mat
  artifactKey: Guid(fedc75da63b32e249bccd7450cd29351) Importer(815301076,1909f56bfc062723c751e8b465ee728b)
Start importing Assets/Ground textures pack/Grass & rocks/Grass & rocks pattern.mat using Guid(fedc75da63b32e249bccd7450cd29351) Importer(815301076,1909f56bfc062723c751e8b465ee728b)  -> (artifact id: '110d0f12599851ad653682d0b36db2c3') in 0.024275 seconds 
  Import took 0.026838 seconds .

========================================================================
Received Import Request.
  Time since last request: 0.000281 seconds.
  path: Assets/Ground textures pack/Grass & rocks/preview.jpg
  artifactKey: Guid(8d88ad474360045458b4fb808dbb4ac9) Importer(815301076,1909f56bfc062723c751e8b465ee728b)
Start importing Assets/Ground textures pack/Grass & rocks/preview.jpg using Guid(8d88ad474360045458b4fb808dbb4ac9) Importer(815301076,1909f56bfc062723c751e8b465ee728b)  -> (artifact id: '555fc0f747abf0b0886dc62b5eda7d7e') in 0.014632 seconds 
  Import took 0.017721 seconds .

========================================================================
Received Import Request.
  Time since last request: 0.000331 seconds.
  path: Assets/Ground textures pack/Grass & rocks/Grass & rocks pattern.mat
  artifactKey: Guid(fedc75da63b32e249bccd7450cd29351) Importer(815301076,1909f56bfc062723c751e8b465ee728b)
Start importing Assets/Ground textures pack/Grass & rocks/Grass & rocks pattern.mat using Guid(fedc75da63b32e249bccd7450cd29351) Importer(815301076,1909f56bfc062723c751e8b465ee728b)  -> (artifact id: '110d0f12599851ad653682d0b36db2c3') in 0.019483 seconds 
  Import took 0.022468 seconds .

========================================================================
Received Import Request.
  Time since last request: 0.000322 seconds.
  path: Assets/Ground textures pack/Grass & rocks/preview.jpg
  artifactKey: Guid(8d88ad474360045458b4fb808dbb4ac9) Importer(815301076,1909f56bfc062723c751e8b465ee728b)
Start importing Assets/Ground textures pack/Grass & rocks/preview.jpg using Guid(8d88ad474360045458b4fb808dbb4ac9) Importer(815301076,1909f56bfc062723c751e8b465ee728b)  -> (artifact id: '555fc0f747abf0b0886dc62b5eda7d7e') in 0.009603 seconds 
  Import took 0.012377 seconds .

========================================================================
Received Import Request.
  Time since last request: 1.255779 seconds.
  path: Assets/Ground textures pack/Grass 01/diffuse.tga
  artifactKey: Guid(a51044dfe95257548b466bc35528b878) Importer(815301076,1909f56bfc062723c751e8b465ee728b)
Start importing Assets/Ground textures pack/Grass 01/diffuse.tga using Guid(a51044dfe95257548b466bc35528b878) Importer(815301076,1909f56bfc062723c751e8b465ee728b)  -> (artifact id: '4f50d08cd5c5e6e1b3db9567741a4401') in 0.013874 seconds 
  Import took 0.016400 seconds .

========================================================================
Received Import Request.
  Time since last request: 0.000307 seconds.
  path: Assets/Ground textures pack/Grass 01/normal.tga
  artifactKey: Guid(0c3232df383d7984ab0e87bf7c42aadb) Importer(815301076,1909f56bfc062723c751e8b465ee728b)
Start importing Assets/Ground textures pack/Grass 01/normal.tga using Guid(0c3232df383d7984ab0e87bf7c42aadb) Importer(815301076,1909f56bfc062723c751e8b465ee728b)  -> (artifact id: 'b27c14c25cc7e9966fdf78a776f6e2bc') in 0.016035 seconds 
  Import took 0.018282 seconds .

========================================================================
Received Import Request.
  Time since last request: 0.000367 seconds.
  path: Assets/Ground textures pack/Grass 01/preview.jpg
  artifactKey: Guid(c70f0b4ce904a324c8c6dbe6d66251e6) Importer(815301076,1909f56bfc062723c751e8b465ee728b)
Start importing Assets/Ground textures pack/Grass 01/preview.jpg using Guid(c70f0b4ce904a324c8c6dbe6d66251e6) Importer(815301076,1909f56bfc062723c751e8b465ee728b)  -> (artifact id: 'b959437d2c4ff040579f9ad33f25747e') in 0.013718 seconds 
  Import took 0.017372 seconds .

========================================================================
Received Import Request.
  Time since last request: 0.000299 seconds.
  path: Assets/Ground textures pack/Grass 01/Grass pattern 01.mat
  artifactKey: Guid(2c6f5ab601d22834883d3c7e18f8be41) Importer(815301076,1909f56bfc062723c751e8b465ee728b)
Start importing Assets/Ground textures pack/Grass 01/Grass pattern 01.mat using Guid(2c6f5ab601d22834883d3c7e18f8be41) Importer(815301076,1909f56bfc062723c751e8b465ee728b)  -> (artifact id: '6bfa841682d7c208a36f0383ba343fa6') in 0.021945 seconds 
  Import took 0.024661 seconds .

========================================================================
Received Import Request.
  Time since last request: 0.567806 seconds.
  path: Assets/Ground textures pack/Grass 02/diffuse.tga
  artifactKey: Guid(d902345b12dd31e4a83f0c375a540341) Importer(815301076,1909f56bfc062723c751e8b465ee728b)
Start importing Assets/Ground textures pack/Grass 02/diffuse.tga using Guid(d902345b12dd31e4a83f0c375a540341) Importer(815301076,1909f56bfc062723c751e8b465ee728b)  -> (artifact id: '185cacbfe84ec32f3fb55311fa8cf573') in 0.014438 seconds 
  Import took 0.017546 seconds .

========================================================================
Received Import Request.
  Time since last request: 0.000326 seconds.
  path: Assets/Ground textures pack/Grass 02/normal.tga
  artifactKey: Guid(3449a2e698a0deb44a70dec747a3f8e9) Importer(815301076,1909f56bfc062723c751e8b465ee728b)
Start importing Assets/Ground textures pack/Grass 02/normal.tga using Guid(3449a2e698a0deb44a70dec747a3f8e9) Importer(815301076,1909f56bfc062723c751e8b465ee728b)  -> (artifact id: 'a0040204fd349571d1c6de7b2ba1a7fd') in 0.015662 seconds 
  Import took 0.018196 seconds .

========================================================================
Received Import Request.
  Time since last request: 0.000342 seconds.
  path: Assets/Ground textures pack/Grass 02/preview.jpg
  artifactKey: Guid(c3f3938c7c9e3d746a4d01269c0e3bbe) Importer(815301076,1909f56bfc062723c751e8b465ee728b)
Start importing Assets/Ground textures pack/Grass 02/preview.jpg using Guid(c3f3938c7c9e3d746a4d01269c0e3bbe) Importer(815301076,1909f56bfc062723c751e8b465ee728b)  -> (artifact id: '8feb63051782ce6e35bf9396630a15bf') in 0.013159 seconds 
  Import took 0.015918 seconds .

========================================================================
Received Import Request.
  Time since last request: 0.000319 seconds.
  path: Assets/Ground textures pack/Grass 02/Grass pattern 02.mat
  artifactKey: Guid(15654a743eccf384fb2312048db767f0) Importer(815301076,1909f56bfc062723c751e8b465ee728b)
Start importing Assets/Ground textures pack/Grass 02/Grass pattern 02.mat using Guid(15654a743eccf384fb2312048db767f0) Importer(815301076,1909f56bfc062723c751e8b465ee728b)  -> (artifact id: '4ff46d31267cd8ecb8a0f2fe45175193') in 0.018691 seconds 
  Import took 0.021056 seconds .

========================================================================
Received Import Request.
  Time since last request: 255.814976 seconds.
  path: Assets/Ground textures pack/Ground & rocks 03/diffuse.tga
  artifactKey: Guid(117cca91456049f4692a3becee93522e) Importer(815301076,1909f56bfc062723c751e8b465ee728b)
Start importing Assets/Ground textures pack/Ground & rocks 03/diffuse.tga using Guid(117cca91456049f4692a3becee93522e) Importer(815301076,1909f56bfc062723c751e8b465ee728b)  -> (artifact id: 'ab5765071b55612f8eeefd05b3e19d8c') in 0.015206 seconds 
  Import took 0.018783 seconds .

========================================================================
Received Import Request.
  Time since last request: 0.000326 seconds.
  path: Assets/Ground textures pack/Ground & rocks 03/normal.tga
  artifactKey: Guid(cff344200e51614498e78e8f88d54273) Importer(815301076,1909f56bfc062723c751e8b465ee728b)
Start importing Assets/Ground textures pack/Ground & rocks 03/normal.tga using Guid(cff344200e51614498e78e8f88d54273) Importer(815301076,1909f56bfc062723c751e8b465ee728b)  -> (artifact id: '329a17ab151db950c28d7e480ba9b37e') in 0.014317 seconds 
  Import took 0.016873 seconds .

========================================================================
Received Import Request.
  Time since last request: 0.000304 seconds.
  path: Assets/Ground textures pack/Ground & rocks 03/Ground & rocks pattern 03.mat
  artifactKey: Guid(bce0cd8cdfffc2a41b798316325a24d2) Importer(815301076,1909f56bfc062723c751e8b465ee728b)
Start importing Assets/Ground textures pack/Ground & rocks 03/Ground & rocks pattern 03.mat using Guid(bce0cd8cdfffc2a41b798316325a24d2) Importer(815301076,1909f56bfc062723c751e8b465ee728b)  -> (artifact id: '8f14ba706e6a30f6f74379dad5953866') in 0.025313 seconds 
  Import took 0.027922 seconds .

========================================================================
Received Import Request.
  Time since last request: 0.000359 seconds.
  path: Assets/Ground textures pack/Ground & rocks 03/preview.jpg
  artifactKey: Guid(451182d55aea8cb4e90af164a14e8bee) Importer(815301076,1909f56bfc062723c751e8b465ee728b)
Start importing Assets/Ground textures pack/Ground & rocks 03/preview.jpg using Guid(451182d55aea8cb4e90af164a14e8bee) Importer(815301076,1909f56bfc062723c751e8b465ee728b)  -> (artifact id: 'a2893dbda20f85231de563f7c92cecac') in 0.014694 seconds 
  Import took 0.017449 seconds .

========================================================================
Received Prepare
Registering precompiled user dll's ...
Registered in 0.003443 seconds.
Begin MonoManager ReloadAssembly
Native extension for WindowsStandalone target not found
Native extension for WebGL target not found
Refreshing native plugins compatible for Editor in 0.40 ms, found 2 plugins.
Preloading 0 native plugins for Editor in 0.00 ms.
Mono: successfully reloaded assembly
- Completed reload, in  0.935 seconds
Domain Reload Profiling:
	ReloadAssembly (936ms)
		BeginReloadAssembly (106ms)
			ExecutionOrderSort (0ms)
			DisableScriptedObjects (3ms)
			BackupInstance (0ms)
			ReleaseScriptingObjects (0ms)
			CreateAndSetChildDomain (31ms)
		EndReloadAssembly (773ms)
			LoadAssemblies (73ms)
			RebuildTransferFunctionScriptingTraits (0ms)
			SetupTypeCache (238ms)
			ReleaseScriptCaches (1ms)
			RebuildScriptCaches (36ms)
			SetupLoadedEditorAssemblies (338ms)
				LogAssemblyErrors (0ms)
				InitializePlatformSupportModulesInManaged (6ms)
				SetLoadedEditorAssemblies (0ms)
				RefreshPlugins (0ms)
				BeforeProcessingInitializeOnLoad (53ms)
				ProcessInitializeOnLoadAttributes (269ms)
				ProcessInitializeOnLoadMethodAttributes (3ms)
				AfterProcessingInitializeOnLoad (5ms)
				EditorAssembliesLoaded (0ms)
			ExecutionOrderSort2 (0ms)
			AwakeInstancesAfterBackupRestoration (6ms)
Platform modules already initialized, skipping
Refreshing native plugins compatible for Editor in 0.34 ms, found 2 plugins.
Preloading 0 native plugins for Editor in 0.00 ms.
Unloading 1391 Unused Serialized files (Serialized files now loaded: 0)
System memory in use before: 70.9 MB.
System memory in use after: 71.0 MB.

Unloading 13 unused Assets to reduce memory usage. Loaded Objects now: 1883.
Total: 3.421100 ms (FindLiveObjects: 0.176500 ms CreateObjectMapping: 0.036400 ms MarkObjects: 3.182600 ms  DeleteObjects: 0.023800 ms)

AssetImportParameters requested are different than current active one (requested -> active):
  custom:framework-win-MediaFoundation: 216162199b28c13a410421893ffa2e32 -> 
  custom:video-decoder-ogg-theora: a1e56fd34408186e4bbccfd4996cb3dc -> 
  custom:container-muxer-webm: aa71ff27fc2769a1b78a27578f13a17b -> 
  custom:container-demuxer-webm: 4f35f7cbe854078d1ac9338744f61a02 -> 
  custom:container-demuxer-ogg: 62fdf1f143b41e24485cea50d1cbac27 -> 
  custom:video-encoder-webm-vp8: eb34c28f22e8b96e1ab97ce403110664 -> 
  custom:video-codec-MediaFoundation-h265: 746d11721c4dcdbdad8f713fa42b33f4 -> 
  custom:video-decoder-webm-vp8: 9c59270c3fd7afecdb556c50c9e8de78 -> 
  custom:audio-decoder-ogg-vorbis: bf7c407c2cedff20999df2af8eb42d56 -> 
  custom:audio-encoder-webm-vorbis: bf7c407c2cedff20999df2af8eb42d56 -> 
========================================================================
Received Import Request.
  Time since last request: 185.177875 seconds.
  path: Assets
  artifactKey: Guid(00000000000000001000000000000000) Importer(815301076,1909f56bfc062723c751e8b465ee728b)
Start importing Assets using Guid(00000000000000001000000000000000) Importer(815301076,1909f56bfc062723c751e8b465ee728b)  -> (artifact id: '42d402b061de3733987d63b9cc3b64de') in 0.011357 seconds 
  Import took 0.013613 seconds .

========================================================================
Received Import Request.
  Time since last request: 8.637608 seconds.
  path: Assets/bounce.physicMaterial
  artifactKey: Guid(30df55b6b3c81a544816830ae87d0b67) Importer(815301076,1909f56bfc062723c751e8b465ee728b)
Start importing Assets/bounce.physicMaterial using Guid(30df55b6b3c81a544816830ae87d0b67) Importer(815301076,1909f56bfc062723c751e8b465ee728b)  -> (artifact id: '33e63fefd4df9f0f65acd5016eabc223') in 0.017940 seconds 
  Import took 0.020293 seconds .

========================================================================
Received Prepare
Registering precompiled user dll's ...
Registered in 0.003076 seconds.
Begin MonoManager ReloadAssembly
Native extension for WindowsStandalone target not found
Native extension for WebGL target not found
Refreshing native plugins compatible for Editor in 0.34 ms, found 2 plugins.
Preloading 0 native plugins for Editor in 0.00 ms.
Mono: successfully reloaded assembly
- Completed reload, in  0.895 seconds
Domain Reload Profiling:
	ReloadAssembly (895ms)
		BeginReloadAssembly (99ms)
			ExecutionOrderSort (0ms)
			DisableScriptedObjects (4ms)
			BackupInstance (0ms)
			ReleaseScriptingObjects (0ms)
			CreateAndSetChildDomain (31ms)
		EndReloadAssembly (741ms)
			LoadAssemblies (72ms)
			RebuildTransferFunctionScriptingTraits (0ms)
			SetupTypeCache (231ms)
			ReleaseScriptCaches (1ms)
			RebuildScriptCaches (33ms)
			SetupLoadedEditorAssemblies (309ms)
				LogAssemblyErrors (0ms)
				InitializePlatformSupportModulesInManaged (5ms)
				SetLoadedEditorAssemblies (0ms)
				RefreshPlugins (0ms)
				BeforeProcessingInitializeOnLoad (46ms)
				ProcessInitializeOnLoadAttributes (249ms)
				ProcessInitializeOnLoadMethodAttributes (3ms)
				AfterProcessingInitializeOnLoad (5ms)
				EditorAssembliesLoaded (0ms)
			ExecutionOrderSort2 (0ms)
			AwakeInstancesAfterBackupRestoration (6ms)
Platform modules already initialized, skipping
Refreshing native plugins compatible for Editor in 0.33 ms, found 2 plugins.
Preloading 0 native plugins for Editor in 0.00 ms.
Unloading 1391 Unused Serialized files (Serialized files now loaded: 0)
System memory in use before: 71.0 MB.
System memory in use after: 71.1 MB.

Unloading 13 unused Assets to reduce memory usage. Loaded Objects now: 1885.
Total: 2.859100 ms (FindLiveObjects: 0.174200 ms CreateObjectMapping: 0.035200 ms MarkObjects: 2.622800 ms  DeleteObjects: 0.025500 ms)

AssetImportParameters requested are different than current active one (requested -> active):
  custom:framework-win-MediaFoundation: 216162199b28c13a410421893ffa2e32 -> 
  custom:video-decoder-ogg-theora: a1e56fd34408186e4bbccfd4996cb3dc -> 
  custom:container-muxer-webm: aa71ff27fc2769a1b78a27578f13a17b -> 
  custom:container-demuxer-webm: 4f35f7cbe854078d1ac9338744f61a02 -> 
  custom:container-demuxer-ogg: 62fdf1f143b41e24485cea50d1cbac27 -> 
  custom:video-encoder-webm-vp8: eb34c28f22e8b96e1ab97ce403110664 -> 
  custom:video-codec-MediaFoundation-h265: 746d11721c4dcdbdad8f713fa42b33f4 -> 
  custom:video-decoder-webm-vp8: 9c59270c3fd7afecdb556c50c9e8de78 -> 
  custom:audio-decoder-ogg-vorbis: bf7c407c2cedff20999df2af8eb42d56 -> 
  custom:audio-encoder-webm-vorbis: bf7c407c2cedff20999df2af8eb42d56 -> 
========================================================================
Received Prepare
Refreshing native plugins compatible for Editor in 5.24 ms, found 2 plugins.
Preloading 0 native plugins for Editor in 0.00 ms.
Unloading 11 Unused Serialized files (Serialized files now loaded: 0)
System memory in use before: 43.7 MB.
System memory in use after: 43.8 MB.

Unloading 11 unused Assets to reduce memory usage. Loaded Objects now: 1885.
Total: 5.035200 ms (FindLiveObjects: 0.392400 ms CreateObjectMapping: 0.073800 ms MarkObjects: 4.535200 ms  DeleteObjects: 0.030800 ms)

AssetImportParameters requested are different than current active one (requested -> active):
  custom:framework-win-MediaFoundation: 216162199b28c13a410421893ffa2e32 -> 
  custom:video-decoder-ogg-theora: a1e56fd34408186e4bbccfd4996cb3dc -> 
  custom:container-muxer-webm: aa71ff27fc2769a1b78a27578f13a17b -> 
  custom:container-demuxer-webm: 4f35f7cbe854078d1ac9338744f61a02 -> 
  custom:container-demuxer-ogg: 62fdf1f143b41e24485cea50d1cbac27 -> 
  custom:video-encoder-webm-vp8: eb34c28f22e8b96e1ab97ce403110664 -> 
  custom:video-codec-MediaFoundation-h265: 746d11721c4dcdbdad8f713fa42b33f4 -> 
  custom:video-decoder-webm-vp8: 9c59270c3fd7afecdb556c50c9e8de78 -> 
  custom:audio-decoder-ogg-vorbis: bf7c407c2cedff20999df2af8eb42d56 -> 
  custom:audio-encoder-webm-vorbis: bf7c407c2cedff20999df2af8eb42d56 -> 
========================================================================
Received Import Request.
  Time since last request: 3109.692988 seconds.
  path: Assets/bounce.physicMaterial
  artifactKey: Guid(30df55b6b3c81a544816830ae87d0b67) Importer(815301076,1909f56bfc062723c751e8b465ee728b)
Start importing Assets/bounce.physicMaterial using Guid(30df55b6b3c81a544816830ae87d0b67) Importer(815301076,1909f56bfc062723c751e8b465ee728b)  -> (artifact id: '19b4d950d39dff4f0b281216773a934d') in 0.020779 seconds 
  Import took 0.024101 seconds .

========================================================================
Received Import Request.
  Time since last request: 0.358357 seconds.
  path: Assets/bounce.physicMaterial
  artifactKey: Guid(30df55b6b3c81a544816830ae87d0b67) Importer(815301076,1909f56bfc062723c751e8b465ee728b)
Start importing Assets/bounce.physicMaterial using Guid(30df55b6b3c81a544816830ae87d0b67) Importer(815301076,1909f56bfc062723c751e8b465ee728b)  -> (artifact id: '19b4d950d39dff4f0b281216773a934d') in 0.004385 seconds 
  Import took 0.007363 seconds .

========================================================================
Received Prepare
Registering precompiled user dll's ...
Registered in 0.002952 seconds.
Begin MonoManager ReloadAssembly
Native extension for WindowsStandalone target not found
Native extension for WebGL target not found
Refreshing native plugins compatible for Editor in 0.45 ms, found 2 plugins.
Preloading 0 native plugins for Editor in 0.00 ms.
Mono: successfully reloaded assembly
- Completed reload, in  0.919 seconds
Domain Reload Profiling:
	ReloadAssembly (919ms)
		BeginReloadAssembly (96ms)
			ExecutionOrderSort (0ms)
			DisableScriptedObjects (4ms)
			BackupInstance (0ms)
			ReleaseScriptingObjects (0ms)
			CreateAndSetChildDomain (31ms)
		EndReloadAssembly (766ms)
			LoadAssemblies (76ms)
			RebuildTransferFunctionScriptingTraits (0ms)
			SetupTypeCache (249ms)
			ReleaseScriptCaches (1ms)
			RebuildScriptCaches (36ms)
			SetupLoadedEditorAssemblies (313ms)
				LogAssemblyErrors (0ms)
				InitializePlatformSupportModulesInManaged (5ms)
				SetLoadedEditorAssemblies (0ms)
				RefreshPlugins (1ms)
				BeforeProcessingInitializeOnLoad (46ms)
				ProcessInitializeOnLoadAttributes (253ms)
				ProcessInitializeOnLoadMethodAttributes (3ms)
				AfterProcessingInitializeOnLoad (5ms)
				EditorAssembliesLoaded (0ms)
			ExecutionOrderSort2 (0ms)
			AwakeInstancesAfterBackupRestoration (6ms)
Platform modules already initialized, skipping
Refreshing native plugins compatible for Editor in 0.36 ms, found 2 plugins.
Preloading 0 native plugins for Editor in 0.00 ms.
Unloading 1391 Unused Serialized files (Serialized files now loaded: 0)
System memory in use before: 71.1 MB.
System memory in use after: 71.2 MB.

Unloading 13 unused Assets to reduce memory usage. Loaded Objects now: 1887.
Total: 4.538700 ms (FindLiveObjects: 0.233200 ms CreateObjectMapping: 0.070900 ms MarkObjects: 4.197800 ms  DeleteObjects: 0.034400 ms)

AssetImportParameters requested are different than current active one (requested -> active):
  custom:framework-win-MediaFoundation: 216162199b28c13a410421893ffa2e32 -> 
  custom:video-decoder-ogg-theora: a1e56fd34408186e4bbccfd4996cb3dc -> 
  custom:container-muxer-webm: aa71ff27fc2769a1b78a27578f13a17b -> 
  custom:container-demuxer-webm: 4f35f7cbe854078d1ac9338744f61a02 -> 
  custom:container-demuxer-ogg: 62fdf1f143b41e24485cea50d1cbac27 -> 
  custom:video-encoder-webm-vp8: eb34c28f22e8b96e1ab97ce403110664 -> 
  custom:video-codec-MediaFoundation-h265: 746d11721c4dcdbdad8f713fa42b33f4 -> 
  custom:video-decoder-webm-vp8: 9c59270c3fd7afecdb556c50c9e8de78 -> 
  custom:audio-decoder-ogg-vorbis: bf7c407c2cedff20999df2af8eb42d56 -> 
  custom:audio-encoder-webm-vorbis: bf7c407c2cedff20999df2af8eb42d56 -> 
========================================================================
Received Prepare
Registering precompiled user dll's ...
Registered in 0.005197 seconds.
Begin MonoManager ReloadAssembly
Native extension for WindowsStandalone target not found
Native extension for WebGL target not found
Refreshing native plugins compatible for Editor in 0.35 ms, found 2 plugins.
Preloading 0 native plugins for Editor in 0.00 ms.
Mono: successfully reloaded assembly
- Completed reload, in  0.935 seconds
Domain Reload Profiling:
	ReloadAssembly (936ms)
		BeginReloadAssembly (107ms)
			ExecutionOrderSort (0ms)
			DisableScriptedObjects (4ms)
			BackupInstance (0ms)
			ReleaseScriptingObjects (0ms)
			CreateAndSetChildDomain (29ms)
		EndReloadAssembly (757ms)
			LoadAssemblies (78ms)
			RebuildTransferFunctionScriptingTraits (0ms)
			SetupTypeCache (237ms)
			ReleaseScriptCaches (1ms)
			RebuildScriptCaches (36ms)
			SetupLoadedEditorAssemblies (320ms)
				LogAssemblyErrors (0ms)
				InitializePlatformSupportModulesInManaged (5ms)
				SetLoadedEditorAssemblies (0ms)
				RefreshPlugins (0ms)
				BeforeProcessingInitializeOnLoad (45ms)
				ProcessInitializeOnLoadAttributes (260ms)
				ProcessInitializeOnLoadMethodAttributes (3ms)
				AfterProcessingInitializeOnLoad (5ms)
				EditorAssembliesLoaded (0ms)
			ExecutionOrderSort2 (0ms)
			AwakeInstancesAfterBackupRestoration (6ms)
Platform modules already initialized, skipping
Refreshing native plugins compatible for Editor in 0.36 ms, found 2 plugins.
Preloading 0 native plugins for Editor in 0.00 ms.
Unloading 1391 Unused Serialized files (Serialized files now loaded: 0)
System memory in use before: 71.1 MB.
System memory in use after: 71.2 MB.

Unloading 13 unused Assets to reduce memory usage. Loaded Objects now: 1889.
Total: 3.437600 ms (FindLiveObjects: 0.244800 ms CreateObjectMapping: 0.074600 ms MarkObjects: 3.088000 ms  DeleteObjects: 0.027400 ms)

AssetImportParameters requested are different than current active one (requested -> active):
  custom:framework-win-MediaFoundation: 216162199b28c13a410421893ffa2e32 -> 
  custom:video-decoder-ogg-theora: a1e56fd34408186e4bbccfd4996cb3dc -> 
  custom:container-muxer-webm: aa71ff27fc2769a1b78a27578f13a17b -> 
  custom:container-demuxer-webm: 4f35f7cbe854078d1ac9338744f61a02 -> 
  custom:container-demuxer-ogg: 62fdf1f143b41e24485cea50d1cbac27 -> 
  custom:video-encoder-webm-vp8: eb34c28f22e8b96e1ab97ce403110664 -> 
  custom:video-codec-MediaFoundation-h265: 746d11721c4dcdbdad8f713fa42b33f4 -> 
  custom:video-decoder-webm-vp8: 9c59270c3fd7afecdb556c50c9e8de78 -> 
  custom:audio-decoder-ogg-vorbis: bf7c407c2cedff20999df2af8eb42d56 -> 
  custom:audio-encoder-webm-vorbis: bf7c407c2cedff20999df2af8eb42d56 -> 
========================================================================
Received Prepare
Refreshing native plugins compatible for Editor in 6.04 ms, found 2 plugins.
Preloading 0 native plugins for Editor in 0.00 ms.
Unloading 11 Unused Serialized files (Serialized files now loaded: 0)
System memory in use before: 43.8 MB.
System memory in use after: 43.9 MB.

Unloading 11 unused Assets to reduce memory usage. Loaded Objects now: 1889.
Total: 4.986500 ms (FindLiveObjects: 0.205700 ms CreateObjectMapping: 0.293800 ms MarkObjects: 4.463100 ms  DeleteObjects: 0.022200 ms)

AssetImportParameters requested are different than current active one (requested -> active):
  custom:framework-win-MediaFoundation: 216162199b28c13a410421893ffa2e32 -> 
  custom:video-decoder-ogg-theora: a1e56fd34408186e4bbccfd4996cb3dc -> 
  custom:container-muxer-webm: aa71ff27fc2769a1b78a27578f13a17b -> 
  custom:container-demuxer-webm: 4f35f7cbe854078d1ac9338744f61a02 -> 
  custom:container-demuxer-ogg: 62fdf1f143b41e24485cea50d1cbac27 -> 
  custom:video-encoder-webm-vp8: eb34c28f22e8b96e1ab97ce403110664 -> 
  custom:video-codec-MediaFoundation-h265: 746d11721c4dcdbdad8f713fa42b33f4 -> 
  custom:video-decoder-webm-vp8: 9c59270c3fd7afecdb556c50c9e8de78 -> 
  custom:audio-decoder-ogg-vorbis: bf7c407c2cedff20999df2af8eb42d56 -> 
  custom:audio-encoder-webm-vorbis: bf7c407c2cedff20999df2af8eb42d56 -> 
========================================================================
Received Prepare
Refreshing native plugins compatible for Editor in 3.16 ms, found 2 plugins.
Preloading 0 native plugins for Editor in 0.00 ms.
Unloading 11 Unused Serialized files (Serialized files now loaded: 0)
System memory in use before: 43.8 MB.
System memory in use after: 43.9 MB.

Unloading 11 unused Assets to reduce memory usage. Loaded Objects now: 1889.
Total: 3.773300 ms (FindLiveObjects: 0.219000 ms CreateObjectMapping: 0.043200 ms MarkObjects: 3.487100 ms  DeleteObjects: 0.022600 ms)

AssetImportParameters requested are different than current active one (requested -> active):
  custom:framework-win-MediaFoundation: 216162199b28c13a410421893ffa2e32 -> 
  custom:video-decoder-ogg-theora: a1e56fd34408186e4bbccfd4996cb3dc -> 
  custom:container-muxer-webm: aa71ff27fc2769a1b78a27578f13a17b -> 
  custom:container-demuxer-webm: 4f35f7cbe854078d1ac9338744f61a02 -> 
  custom:container-demuxer-ogg: 62fdf1f143b41e24485cea50d1cbac27 -> 
  custom:video-encoder-webm-vp8: eb34c28f22e8b96e1ab97ce403110664 -> 
  custom:video-codec-MediaFoundation-h265: 746d11721c4dcdbdad8f713fa42b33f4 -> 
  custom:video-decoder-webm-vp8: 9c59270c3fd7afecdb556c50c9e8de78 -> 
  custom:audio-decoder-ogg-vorbis: bf7c407c2cedff20999df2af8eb42d56 -> 
  custom:audio-encoder-webm-vorbis: bf7c407c2cedff20999df2af8eb42d56 -> 
========================================================================
Received Prepare
Refreshing native plugins compatible for Editor in 19.64 ms, found 2 plugins.
Preloading 0 native plugins for Editor in 0.00 ms.
Unloading 11 Unused Serialized files (Serialized files now loaded: 0)
System memory in use before: 43.8 MB.
System memory in use after: 43.9 MB.

Unloading 11 unused Assets to reduce memory usage. Loaded Objects now: 1889.
Total: 7.350200 ms (FindLiveObjects: 0.403100 ms CreateObjectMapping: 0.098500 ms MarkObjects: 6.808500 ms  DeleteObjects: 0.037600 ms)

AssetImportParameters requested are different than current active one (requested -> active):
  custom:framework-win-MediaFoundation: 216162199b28c13a410421893ffa2e32 -> 
  custom:video-decoder-ogg-theora: a1e56fd34408186e4bbccfd4996cb3dc -> 
  custom:container-muxer-webm: aa71ff27fc2769a1b78a27578f13a17b -> 
  custom:container-demuxer-webm: 4f35f7cbe854078d1ac9338744f61a02 -> 
  custom:container-demuxer-ogg: 62fdf1f143b41e24485cea50d1cbac27 -> 
  custom:video-encoder-webm-vp8: eb34c28f22e8b96e1ab97ce403110664 -> 
  custom:video-codec-MediaFoundation-h265: 746d11721c4dcdbdad8f713fa42b33f4 -> 
  custom:video-decoder-webm-vp8: 9c59270c3fd7afecdb556c50c9e8de78 -> 
  custom:audio-decoder-ogg-vorbis: bf7c407c2cedff20999df2af8eb42d56 -> 
  custom:audio-encoder-webm-vorbis: bf7c407c2cedff20999df2af8eb42d56 -> 
========================================================================
Received Prepare
Refreshing native plugins compatible for Editor in 3.32 ms, found 2 plugins.
Preloading 0 native plugins for Editor in 0.00 ms.
Unloading 11 Unused Serialized files (Serialized files now loaded: 0)
System memory in use before: 43.8 MB.
System memory in use after: 43.9 MB.

Unloading 11 unused Assets to reduce memory usage. Loaded Objects now: 1889.
Total: 3.951300 ms (FindLiveObjects: 0.298900 ms CreateObjectMapping: 0.066600 ms MarkObjects: 3.556600 ms  DeleteObjects: 0.026100 ms)

AssetImportParameters requested are different than current active one (requested -> active):
  custom:framework-win-MediaFoundation: 216162199b28c13a410421893ffa2e32 -> 
  custom:video-decoder-ogg-theora: a1e56fd34408186e4bbccfd4996cb3dc -> 
  custom:container-muxer-webm: aa71ff27fc2769a1b78a27578f13a17b -> 
  custom:container-demuxer-webm: 4f35f7cbe854078d1ac9338744f61a02 -> 
  custom:container-demuxer-ogg: 62fdf1f143b41e24485cea50d1cbac27 -> 
  custom:video-encoder-webm-vp8: eb34c28f22e8b96e1ab97ce403110664 -> 
  custom:video-codec-MediaFoundation-h265: 746d11721c4dcdbdad8f713fa42b33f4 -> 
  custom:video-decoder-webm-vp8: 9c59270c3fd7afecdb556c50c9e8de78 -> 
  custom:audio-decoder-ogg-vorbis: bf7c407c2cedff20999df2af8eb42d56 -> 
  custom:audio-encoder-webm-vorbis: bf7c407c2cedff20999df2af8eb42d56 -> 
========================================================================
Received Prepare
Registering precompiled user dll's ...
Registered in 0.087962 seconds.
Begin MonoManager ReloadAssembly
Native extension for WindowsStandalone target not found
Native extension for WebGL target not found
Refreshing native plugins compatible for Editor in 0.33 ms, found 2 plugins.
Preloading 0 native plugins for Editor in 0.00 ms.
Mono: successfully reloaded assembly
- Completed reload, in  1.005 seconds
Domain Reload Profiling:
	ReloadAssembly (1006ms)
		BeginReloadAssembly (127ms)
			ExecutionOrderSort (0ms)
			DisableScriptedObjects (5ms)
			BackupInstance (0ms)
			ReleaseScriptingObjects (0ms)
			CreateAndSetChildDomain (45ms)
		EndReloadAssembly (815ms)
			LoadAssemblies (77ms)
			RebuildTransferFunctionScriptingTraits (0ms)
			SetupTypeCache (230ms)
			ReleaseScriptCaches (1ms)
			RebuildScriptCaches (34ms)
			SetupLoadedEditorAssemblies (388ms)
				LogAssemblyErrors (0ms)
				InitializePlatformSupportModulesInManaged (5ms)
				SetLoadedEditorAssemblies (0ms)
				RefreshPlugins (0ms)
				BeforeProcessingInitializeOnLoad (45ms)
				ProcessInitializeOnLoadAttributes (329ms)
				ProcessInitializeOnLoadMethodAttributes (3ms)
				AfterProcessingInitializeOnLoad (5ms)
				EditorAssembliesLoaded (0ms)
			ExecutionOrderSort2 (0ms)
			AwakeInstancesAfterBackupRestoration (6ms)
Platform modules already initialized, skipping
Refreshing native plugins compatible for Editor in 0.35 ms, found 2 plugins.
Preloading 0 native plugins for Editor in 0.00 ms.
Unloading 1391 Unused Serialized files (Serialized files now loaded: 0)
System memory in use before: 71.1 MB.
System memory in use after: 71.2 MB.

Unloading 13 unused Assets to reduce memory usage. Loaded Objects now: 1891.
Total: 3.107400 ms (FindLiveObjects: 0.232200 ms CreateObjectMapping: 0.068300 ms MarkObjects: 2.780500 ms  DeleteObjects: 0.024400 ms)

AssetImportParameters requested are different than current active one (requested -> active):
  custom:framework-win-MediaFoundation: 216162199b28c13a410421893ffa2e32 -> 
  custom:video-decoder-ogg-theora: a1e56fd34408186e4bbccfd4996cb3dc -> 
  custom:container-muxer-webm: aa71ff27fc2769a1b78a27578f13a17b -> 
  custom:container-demuxer-webm: 4f35f7cbe854078d1ac9338744f61a02 -> 
  custom:container-demuxer-ogg: 62fdf1f143b41e24485cea50d1cbac27 -> 
  custom:video-encoder-webm-vp8: eb34c28f22e8b96e1ab97ce403110664 -> 
  custom:video-codec-MediaFoundation-h265: 746d11721c4dcdbdad8f713fa42b33f4 -> 
  custom:video-decoder-webm-vp8: 9c59270c3fd7afecdb556c50c9e8de78 -> 
  custom:audio-decoder-ogg-vorbis: bf7c407c2cedff20999df2af8eb42d56 -> 
  custom:audio-encoder-webm-vorbis: bf7c407c2cedff20999df2af8eb42d56 -> 
========================================================================
Received Prepare
Registering precompiled user dll's ...
Registered in 0.005129 seconds.
Begin MonoManager ReloadAssembly
Native extension for WindowsStandalone target not found
Native extension for WebGL target not found
Refreshing native plugins compatible for Editor in 0.33 ms, found 2 plugins.
Preloading 0 native plugins for Editor in 0.00 ms.
Mono: successfully reloaded assembly
- Completed reload, in  0.907 seconds
Domain Reload Profiling:
	ReloadAssembly (907ms)
		BeginReloadAssembly (99ms)
			ExecutionOrderSort (0ms)
			DisableScriptedObjects (4ms)
			BackupInstance (0ms)
			ReleaseScriptingObjects (0ms)
			CreateAndSetChildDomain (30ms)
		EndReloadAssembly (745ms)
			LoadAssemblies (76ms)
			RebuildTransferFunctionScriptingTraits (0ms)
			SetupTypeCache (237ms)
			ReleaseScriptCaches (1ms)
			RebuildScriptCaches (35ms)
			SetupLoadedEditorAssemblies (307ms)
				LogAssemblyErrors (0ms)
				InitializePlatformSupportModulesInManaged (5ms)
				SetLoadedEditorAssemblies (0ms)
				RefreshPlugins (0ms)
				BeforeProcessingInitializeOnLoad (44ms)
				ProcessInitializeOnLoadAttributes (249ms)
				ProcessInitializeOnLoadMethodAttributes (3ms)
				AfterProcessingInitializeOnLoad (5ms)
				EditorAssembliesLoaded (0ms)
			ExecutionOrderSort2 (0ms)
			AwakeInstancesAfterBackupRestoration (8ms)
Platform modules already initialized, skipping
Refreshing native plugins compatible for Editor in 0.34 ms, found 2 plugins.
Preloading 0 native plugins for Editor in 0.00 ms.
Unloading 1392 Unused Serialized files (Serialized files now loaded: 0)
System memory in use before: 71.1 MB.
System memory in use after: 71.2 MB.

Unloading 13 unused Assets to reduce memory usage. Loaded Objects now: 1894.
Total: 2.917700 ms (FindLiveObjects: 0.165700 ms CreateObjectMapping: 0.034500 ms MarkObjects: 2.695600 ms  DeleteObjects: 0.020300 ms)

AssetImportParameters requested are different than current active one (requested -> active):
  custom:framework-win-MediaFoundation: 216162199b28c13a410421893ffa2e32 -> 
  custom:video-decoder-ogg-theora: a1e56fd34408186e4bbccfd4996cb3dc -> 
  custom:container-muxer-webm: aa71ff27fc2769a1b78a27578f13a17b -> 
  custom:container-demuxer-webm: 4f35f7cbe854078d1ac9338744f61a02 -> 
  custom:container-demuxer-ogg: 62fdf1f143b41e24485cea50d1cbac27 -> 
  custom:video-encoder-webm-vp8: eb34c28f22e8b96e1ab97ce403110664 -> 
  custom:video-codec-MediaFoundation-h265: 746d11721c4dcdbdad8f713fa42b33f4 -> 
  custom:video-decoder-webm-vp8: 9c59270c3fd7afecdb556c50c9e8de78 -> 
  custom:audio-decoder-ogg-vorbis: bf7c407c2cedff20999df2af8eb42d56 -> 
  custom:audio-encoder-webm-vorbis: bf7c407c2cedff20999df2af8eb42d56 -> 
========================================================================
Received Import Request.
  Time since last request: 13315.841398 seconds.
  path: Assets/HelloWorld.cs
  artifactKey: Guid(043ae2d33b7dbea4f8ce95c0e34d4bcb) Importer(815301076,1909f56bfc062723c751e8b465ee728b)
Start importing Assets/HelloWorld.cs using Guid(043ae2d33b7dbea4f8ce95c0e34d4bcb) Importer(815301076,1909f56bfc062723c751e8b465ee728b)  -> (artifact id: '16c9ba4d2f515e807b1de348ab25eeb6') in 0.064149 seconds 
  Import took 0.067026 seconds .

